<?xml version="1.0" encoding="UTF-8"?>
<testng-results skipped="0" failed="0" ignored="0" total="1" passed="1">
  <reporter-output>
  </reporter-output>
  <suite name="Default suite" duration-ms="3283" started-at="2018-11-29T07:14:00Z" finished-at="2018-11-29T07:14:04Z">
    <groups>
    </groups>
    <test name="Default test" duration-ms="3283" started-at="2018-11-29T07:14:00Z" finished-at="2018-11-29T07:14:04Z">
      <class name="com.lnt.maven.test.TestSessionFactory">
        <test-method status="PASS" signature="testSessionFactory()[pri:0, instance:com.lnt.maven.test.TestSessionFactory@68be2bc2]" name="testSessionFactory" duration-ms="3237" started-at="2018-11-29T07:14:00Z" finished-at="2018-11-29T07:14:04Z">
          <reporter-output>
          </reporter-output>
        </test-method> <!-- testSessionFactory -->
      </class> <!-- com.lnt.maven.test.TestSessionFactory -->
    </test> <!-- Default test -->
  </suite> <!-- Default suite -->
</testng-results>
