<?xml version="1.0" encoding="UTF-8"?>
<testng-results skipped="0" failed="0" ignored="0" total="1" passed="1">
  <reporter-output>
  </reporter-output>
  <suite name="Default suite" duration-ms="71850" started-at="2019-01-02T18:44:22Z" finished-at="2019-01-02T18:45:34Z">
    <groups>
    </groups>
    <test name="Default test" duration-ms="71850" started-at="2019-01-02T18:44:22Z" finished-at="2019-01-02T18:45:34Z">
      <class name="com.smita.webdriver04.dropdown.DropDownBoxDemo">
        <test-method status="PASS" signature="setUp()[pri:0, instance:com.smita.webdriver04.dropdown.DropDownBoxDemo@29b5cd00]" name="setUp" is-config="true" duration-ms="5922" started-at="2019-01-02T18:44:22Z" finished-at="2019-01-02T18:44:28Z">
          <reporter-output>
          </reporter-output>
        </test-method> <!-- setUp -->
        <test-method status="PASS" signature="testSelectFunctionality()[pri:0, instance:com.smita.webdriver04.dropdown.DropDownBoxDemo@29b5cd00]" name="testSelectFunctionality" duration-ms="64261" started-at="2019-01-02T18:44:28Z" finished-at="2019-01-02T18:45:32Z">
          <reporter-output>
          </reporter-output>
        </test-method> <!-- testSelectFunctionality -->
        <test-method status="PASS" signature="tearDown()[pri:0, instance:com.smita.webdriver04.dropdown.DropDownBoxDemo@29b5cd00]" name="tearDown" is-config="true" duration-ms="1626" started-at="2019-01-02T18:45:32Z" finished-at="2019-01-02T18:45:34Z">
          <reporter-output>
          </reporter-output>
        </test-method> <!-- tearDown -->
      </class> <!-- com.smita.webdriver04.dropdown.DropDownBoxDemo -->
    </test> <!-- Default test -->
  </suite> <!-- Default suite -->
</testng-results>
