<?xml version="1.0" encoding="UTF-8"?>
<testng-results skipped="0" failed="0" ignored="0" total="1" passed="1">
  <reporter-output>
  </reporter-output>
  <suite name="Default suite" duration-ms="12090" started-at="2019-01-07T09:54:38Z" finished-at="2019-01-07T09:54:50Z">
    <groups>
    </groups>
    <test name="Default test" duration-ms="12090" started-at="2019-01-07T09:54:38Z" finished-at="2019-01-07T09:54:50Z">
      <class name="com.smita.selenium.wait.ImplicitExplicitWait">
        <test-method status="PASS" signature="f()[pri:0, instance:com.smita.selenium.wait.ImplicitExplicitWait@2c039ac6]" name="f" duration-ms="12071" started-at="2019-01-07T09:54:38Z" finished-at="2019-01-07T09:54:50Z">
          <reporter-output>
          </reporter-output>
        </test-method> <!-- f -->
      </class> <!-- com.smita.selenium.wait.ImplicitExplicitWait -->
    </test> <!-- Default test -->
  </suite> <!-- Default suite -->
</testng-results>
