<?xml version="1.0" encoding="UTF-8"?>
<!-- Generated by org.testng.reporters.JUnitXMLReporter -->
<testsuite hostname="SmitaBKumar" ignored="4" name="Default test" tests="1" failures="0" timestamp="30 Nov 2018 06:29:35 GMT" time="2.687" errors="0">
  <testcase name="testUpdateCustomer" time="0.231" classname="com.lnt.customer_project.test.TestCustomerDao"/>
  <testcase name="testDeleteCustomer" time="0.0" classname="com.lnt.customer_project.test.TestCustomerDao">
    <ignored/>
  </testcase> <!-- testDeleteCustomer -->
  <testcase name="testGetCustomerList" time="0.0" classname="com.lnt.customer_project.test.TestCustomerDao">
    <ignored/>
  </testcase> <!-- testGetCustomerList -->
  <testcase name="testAddCustomer" time="0.0" classname="com.lnt.customer_project.test.TestCustomerDao">
    <ignored/>
  </testcase> <!-- testAddCustomer -->
  <testcase name="testGetCustomerById" time="0.0" classname="com.lnt.customer_project.test.TestCustomerDao">
    <ignored/>
  </testcase> <!-- testGetCustomerById -->
</testsuite> <!-- Default test -->
