<?xml version="1.0" encoding="UTF-8"?>
<testng-results skipped="0" failed="0" ignored="4" total="5" passed="1">
  <reporter-output>
  </reporter-output>
  <suite name="Default suite" duration-ms="2687" started-at="2018-11-30T06:29:32Z" finished-at="2018-11-30T06:29:35Z">
    <groups>
    </groups>
    <test name="Default test" duration-ms="2687" started-at="2018-11-30T06:29:32Z" finished-at="2018-11-30T06:29:35Z">
      <class name="com.lnt.customer_project.test.TestCustomerDao">
        <test-method status="PASS" signature="testCustomerDao()[pri:0, instance:com.lnt.customer_project.test.TestCustomerDao@8bd1b6a]" name="testCustomerDao" is-config="true" duration-ms="2412" started-at="2018-11-30T06:29:32Z" finished-at="2018-11-30T06:29:35Z">
          <reporter-output>
          </reporter-output>
        </test-method> <!-- testCustomerDao -->
        <test-method status="PASS" signature="testUpdateCustomer()[pri:0, instance:com.lnt.customer_project.test.TestCustomerDao@8bd1b6a]" name="testUpdateCustomer" duration-ms="231" started-at="2018-11-30T06:29:35Z" finished-at="2018-11-30T06:29:35Z">
          <reporter-output>
          </reporter-output>
        </test-method> <!-- testUpdateCustomer -->
      </class> <!-- com.lnt.customer_project.test.TestCustomerDao -->
    </test> <!-- Default test -->
  </suite> <!-- Default suite -->
</testng-results>
